<?xml version="1.0" encoding="UTF-8"?>
<!-- Generated by org.testng.reporters.JUnitXMLReporter -->
<testsuite ignored="0" hostname="TLK1800030" failures="1" tests="4" name="Test" time="7.444" errors="0" timestamp="2025-05-22T19:17:12 IST">
  <testcase classname="ui.Listenerdemotest" name="launchapp" time="3.787">
    <skipped/>
  </testcase> <!-- launchapp -->
  <testcase classname="ui.Listenerdemotest" name="launchapp" time="1.282">
    <skipped/>
  </testcase> <!-- launchapp -->
  <testcase classname="ui.Listenerdemotest" name="launchapp" time="1.417">
    <skipped/>
  </testcase> <!-- launchapp -->
  <testcase classname="ui.Listenerdemotest" name="launchapp" time="0.911">
    <failure type="java.lang.AssertionError" message="expected [true] but found [false]">
      <![CDATA[java.lang.AssertionError: expected [true] but found [false]
at ui.Listenerdemotest.launchapp(Listenerdemotest.java:14)
at java.base/java.util.ArrayList.forEach(ArrayList.java:1597)
... Removed 29 stack frames]]>
    </failure>
  </testcase> <!-- launchapp -->
</testsuite> <!-- Test -->
