<?xml version="1.0" encoding="UTF-8"?>
<!-- Generated by org.testng.reporters.JUnitXMLReporter -->
<testsuite ignored="0" hostname="TLK1800030" failures="1" tests="5" name="regression" time="38.421" errors="0" timestamp="2025-05-18T19:13:21 IST">
  <testcase classname="ui.Login" name="atest1" time="0.034"/>
  <testcase classname="ui.Login" name="atest2" time="0.002"/>
  <testcase classname="ui.Login" name="atest3" time="0.003"/>
  <testcase classname="ui.Login" name="atest4" time="0.003"/>
  <testcase classname="ui.softassert" name="titletest" time="38.217">
    <failure type="java.lang.AssertionError" message="title verif fail expected [Electronics, Cars,kk Fashion, Collectibles &amp;amp; More | eBay] but found [Electronics, Cars, Fashion, Collectibles &amp;amp; More | eBay]">
      <![CDATA[java.lang.AssertionError: title verif fail expected [Electronics, Cars,kk Fashion, Collectibles & More | eBay] but found [Electronics, Cars, Fashion, Collectibles & More | eBay]
at ui.softassert.titletest(softassert.java:30)
at java.base/java.util.ArrayList.forEach(ArrayList.java:1597)
... Removed 30 stack frames]]>
    </failure>
  </testcase> <!-- titletest -->
</testsuite> <!-- regression -->
