<?xml version="1.0" encoding="UTF-8"?>
<testng-results ignored="0" total="1" passed="1" failed="0" skipped="0">
  <reporter-output>
  </reporter-output>
  <suite started-at="2025-07-10T06:52:47 IST" name="Default suite" finished-at="2025-07-10T06:54:28 IST" duration-ms="101018">
    <groups>
    </groups>
    <test started-at="2025-07-10T06:52:47 IST" name="Default test" finished-at="2025-07-10T06:54:28 IST" duration-ms="101018">
      <class name="Contact.CreateContactTest">
        <test-method is-config="true" signature="BS()[pri:0, instance:Contact.CreateContactTest@37858383]" started-at="2025-07-10T06:52:47 IST" name="BS" finished-at="2025-07-10T06:52:47 IST" duration-ms="16" status="PASS">
          <reporter-output>
          </reporter-output>
        </test-method> <!-- BS -->
        <test-method is-config="true" signature="BT()[pri:0, instance:Contact.CreateContactTest@37858383]" started-at="2025-07-10T06:52:47 IST" name="BT" finished-at="2025-07-10T06:52:47 IST" duration-ms="0" status="PASS">
          <reporter-output>
          </reporter-output>
        </test-method> <!-- BT -->
        <test-method is-config="true" signature="BC()[pri:0, instance:Contact.CreateContactTest@37858383]" started-at="2025-07-10T06:52:47 IST" name="BC" finished-at="2025-07-10T06:52:57 IST" duration-ms="10799" status="PASS">
          <reporter-output>
          </reporter-output>
        </test-method> <!-- BC -->
        <test-method is-config="true" signature="BM()[pri:0, instance:Contact.CreateContactTest@37858383]" started-at="2025-07-10T06:52:58 IST" name="BM" finished-at="2025-07-10T06:53:29 IST" duration-ms="31931" status="PASS">
          <reporter-output>
          </reporter-output>
        </test-method> <!-- BM -->
        <test-method signature="createcontact()[pri:0, instance:Contact.CreateContactTest@37858383]" started-at="2025-07-10T06:53:29 IST" name="createcontact" finished-at="2025-07-10T06:54:28 IST" duration-ms="58088" status="PASS">
          <reporter-output>
          </reporter-output>
        </test-method> <!-- createcontact -->
        <test-method is-config="true" signature="AM()[pri:0, instance:Contact.CreateContactTest@37858383]" started-at="2025-07-10T06:54:28 IST" name="AM" finished-at="2025-07-10T06:54:28 IST" duration-ms="1" status="PASS">
          <reporter-output>
          </reporter-output>
        </test-method> <!-- AM -->
        <test-method is-config="true" signature="AC()[pri:0, instance:Contact.CreateContactTest@37858383]" started-at="2025-07-10T06:54:28 IST" name="AC" finished-at="2025-07-10T06:54:28 IST" duration-ms="1" status="PASS">
          <reporter-output>
          </reporter-output>
        </test-method> <!-- AC -->
        <test-method is-config="true" signature="AT()[pri:0, instance:Contact.CreateContactTest@37858383]" started-at="2025-07-10T06:54:28 IST" name="AT" finished-at="2025-07-10T06:54:28 IST" duration-ms="1" status="PASS">
          <reporter-output>
          </reporter-output>
        </test-method> <!-- AT -->
        <test-method is-config="true" signature="AS()[pri:0, instance:Contact.CreateContactTest@37858383]" started-at="2025-07-10T06:54:28 IST" name="AS" finished-at="2025-07-10T06:54:28 IST" duration-ms="1" status="PASS">
          <reporter-output>
          </reporter-output>
        </test-method> <!-- AS -->
      </class> <!-- Contact.CreateContactTest -->
    </test> <!-- Default test -->
  </suite> <!-- Default suite -->
</testng-results>
