<?xml version="1.0" encoding="UTF-8"?>
<testng-results ignored="0" total="1" passed="1" failed="0" skipped="0">
  <reporter-output>
  </reporter-output>
  <suite started-at="2025-07-11T06:12:18 IST" name="Default suite" finished-at="2025-07-11T06:12:40 IST" duration-ms="22466">
    <groups>
    </groups>
    <test started-at="2025-07-11T06:12:18 IST" name="Default test" finished-at="2025-07-11T06:12:40 IST" duration-ms="22466">
      <class name="ui.CreateOrganizationTest">
        <test-method is-config="true" signature="BS()[pri:0, instance:ui.CreateOrganizationTest@52102734]" started-at="2025-07-11T06:12:18 IST" name="BS" finished-at="2025-07-11T06:12:18 IST" duration-ms="10" status="PASS">
          <reporter-output>
          </reporter-output>
        </test-method> <!-- BS -->
        <test-method is-config="true" signature="BT()[pri:0, instance:ui.CreateOrganizationTest@52102734]" started-at="2025-07-11T06:12:18 IST" name="BT" finished-at="2025-07-11T06:12:18 IST" duration-ms="1" status="PASS">
          <reporter-output>
          </reporter-output>
        </test-method> <!-- BT -->
        <test-method is-config="true" signature="BC()[pri:0, instance:ui.CreateOrganizationTest@52102734]" started-at="2025-07-11T06:12:18 IST" name="BC" finished-at="2025-07-11T06:12:20 IST" duration-ms="1687" status="PASS">
          <reporter-output>
          </reporter-output>
        </test-method> <!-- BC -->
        <test-method is-config="true" signature="BM()[pri:0, instance:ui.CreateOrganizationTest@52102734]" started-at="2025-07-11T06:12:20 IST" name="BM" finished-at="2025-07-11T06:12:27 IST" duration-ms="6947" status="PASS">
          <reporter-output>
          </reporter-output>
        </test-method> <!-- BM -->
        <test-method signature="CreateOrganizationTest()[pri:0, instance:ui.CreateOrganizationTest@52102734]" started-at="2025-07-11T06:12:27 IST" name="CreateOrganizationTest" finished-at="2025-07-11T06:12:40 IST" duration-ms="13411" status="PASS">
          <reporter-output>
          </reporter-output>
        </test-method> <!-- CreateOrganizationTest -->
        <test-method is-config="true" signature="AM()[pri:0, instance:ui.CreateOrganizationTest@52102734]" started-at="2025-07-11T06:12:40 IST" name="AM" finished-at="2025-07-11T06:12:40 IST" duration-ms="1" status="PASS">
          <reporter-output>
          </reporter-output>
        </test-method> <!-- AM -->
        <test-method is-config="true" signature="AC()[pri:0, instance:ui.CreateOrganizationTest@52102734]" started-at="2025-07-11T06:12:40 IST" name="AC" finished-at="2025-07-11T06:12:40 IST" duration-ms="1" status="PASS">
          <reporter-output>
          </reporter-output>
        </test-method> <!-- AC -->
        <test-method is-config="true" signature="AT()[pri:0, instance:ui.CreateOrganizationTest@52102734]" started-at="2025-07-11T06:12:40 IST" name="AT" finished-at="2025-07-11T06:12:40 IST" duration-ms="0" status="PASS">
          <reporter-output>
          </reporter-output>
        </test-method> <!-- AT -->
        <test-method is-config="true" signature="AS()[pri:0, instance:ui.CreateOrganizationTest@52102734]" started-at="2025-07-11T06:12:40 IST" name="AS" finished-at="2025-07-11T06:12:40 IST" duration-ms="0" status="PASS">
          <reporter-output>
          </reporter-output>
        </test-method> <!-- AS -->
      </class> <!-- ui.CreateOrganizationTest -->
    </test> <!-- Default test -->
  </suite> <!-- Default suite -->
</testng-results>
