<?xml version="1.0" encoding="UTF-8"?>
<!-- Generated by org.testng.reporters.JUnitXMLReporter -->
<testsuite ignored="1" hostname="TLK1800030" failures="0" tests="3" name="GRP-regression" time="0.126" errors="0" timestamp="2025-05-16T20:45:19 IST">
  <testcase classname="ui.Login" name="atest1" time="0.017"/>
  <testcase classname="ui.Login" name="atest2" time="0.002"/>
  <testcase classname="ui.Login" name="atest4" time="0.002"/>
  <testcase classname="ui.Login" name="atest3" time="0.0">
    <ignored/>
  </testcase> <!-- atest3 -->
</testsuite> <!-- GRP-regression -->
